<?xml version="1.0" encoding="utf-8"?><testsuites name="pytest tests"><testsuite name="pytest" errors="0" failures="0" skipped="0" tests="10" time="2.154" timestamp="2026-09-14T13:51:48.888459+00:00" hostname="agent-env-a22c445f-0094-441d-9f20-dfaf5c5d5217"><testcase classname="tests.test_upload_and_foto.TestSaleFotoPath" name="test_create_sale_with_foto_path_persists" time="0.789" /><testcase classname="tests.test_upload_and_foto.TestUpload" name="test_upload_png_returns_path" time="0.441" /><testcase classname="tests.test_upload_and_foto.TestUpload" name="test_download_png_returns_image" time="0.363" /><testcase classname="tests.test_upload_and_foto.TestSaleFotoPath" name="test_put_keeps_foto_path" time="0.139" /><testcase classname="tests.test_upload_and_foto.TestUpload" name="test_upload_jpg_returns_path" time="0.304" /><testcase classname="tests.test_upload_and_foto.TestSaleFotoPath" name="test_put_changes_foto_path" time="0.598" /><testcase classname="tests.test_upload_and_foto.TestUpload" name="test_upload_empty_file_returns_400" time="0.163" /><testcase classname="tests.test_upload_and_foto.TestUpload" name="test_download_nonexistent_returns_404" time="0.186" /><testcase classname="tests.test_upload_and_foto.TestSaleFotoPath" name="test_put_clears_foto_path_when_null" time="0.128" /><testcase classname="tests.test_upload_and_foto.TestSaleFotoPath" name="test_cleanup" time="0.152" /></testsuite></testsuites>