<?xml version="1.0" encoding="utf-8"?><testsuites name="pytest tests"><testsuite name="pytest" errors="0" failures="0" skipped="0" tests="9" time="1.511" timestamp="2026-09-14T12:34:59.857368+00:00" hostname="agent-env-a22c445f-0094-441d-9f20-dfaf5c5d5217"><testcase classname="tests.backend_test.TestHealth" name="test_root" time="0.313" /><testcase classname="tests.backend_test.TestSalesCRUD" name="test_create_sale_full_payload" time="0.357" /><testcase classname="tests.backend_test.TestSalesCRUD" name="test_create_sale_all_optional_empty" time="0.075" /><testcase classname="tests.backend_test.TestSalesCRUD" name="test_get_sale_by_id" time="0.082" /><testcase classname="tests.backend_test.TestSalesCRUD" name="test_get_sale_not_found" time="0.089" /><testcase classname="tests.backend_test.TestSalesCRUD" name="test_list_sales_contains_created" time="0.078" /><testcase classname="tests.backend_test.TestSalesCRUD" name="test_delete_sale_soft" time="0.262" /><testcase classname="tests.backend_test.TestSalesCRUD" name="test_delete_already_deleted_returns_404" time="0.082" /><testcase classname="tests.backend_test.TestSalesCRUD" name="test_cleanup" time="0.084" /></testsuite></testsuites>