<?xml version="1.0" encoding="utf-8"?><testsuites name="pytest tests"><testsuite name="pytest" errors="0" failures="0" skipped="0" tests="4" time="1.058" timestamp="2026-09-14T13:39:39.633627+00:00" hostname="agent-env-a22c445f-0094-441d-9f20-dfaf5c5d5217"><testcase classname="tests.test_sales_edit.TestSalesCRUDRegression" name="test_create_then_delete" time="0.402" /><testcase classname="tests.test_sales_edit.TestUpdateSale" name="test_put_updates_fields_and_persists" time="0.469" /><testcase classname="tests.test_sales_edit.TestUpdateSale" name="test_put_nonexistent_returns_404" time="0.074" /><testcase classname="tests.test_sales_edit.TestUpdateSale" name="test_put_preserves_id_and_created_at" time="0.149" /></testsuite></testsuites>